-- Found ament_cmake: 2.5.3 (/opt/ros/jazzy/share/ament_cmake/cmake)
-- Found rclcpp: 28.1.6 (/opt/ros/jazzy/share/rclcpp/cmake)
-- Found rosidl_generator_c: 4.6.5 (/opt/ros/jazzy/share/rosidl_generator_c/cmake)
-- Found rosidl_generator_cpp: 4.6.5 (/opt/ros/jazzy/share/rosidl_generator_cpp/cmake)
-- Using all available rosidl_typesupport_c: rosidl_typesupport_fastrtps_c;rosidl_typesupport_introspection_c
-- Using all available rosidl_typesupport_cpp: rosidl_typesupport_fastrtps_cpp;rosidl_typesupport_introspection_cpp
-- Found rmw_implementation_cmake: 7.3.1 (/opt/ros/jazzy/share/rmw_implementation_cmake/cmake)
-- Found rmw_fastrtps_cpp: 8.4.1 (/opt/ros/jazzy/share/rmw_fastrtps_cpp/cmake)
-- Using RMW implementation 'rmw_fastrtps_cpp' as default
-- Found sensor_msgs: 5.3.5 (/opt/ros/jazzy/share/sensor_msgs/cmake)
-- Found ament_lint_auto: 0.17.1 (/opt/ros/jazzy/share/ament_lint_auto/cmake)
-- Performing Test CMAKE_HAVE_LIBC_PTHREAD
-- Performing Test CMAKE_HAVE_LIBC_PTHREAD - Success
-- Found Threads: TRUE  
-- Added test 'copyright' to check source files copyright and LICENSE
-- Added test 'cppcheck' to perform static code analysis on C / C++ code
-- Configured cppcheck include dirs: /home/zawl/Downloads/joe_cart/src/ldlidar_stl_ros2/include;/home/zawl/Downloads/joe_cart/src/ldlidar_stl_ros2/ldlidar_driver/include/core;/home/zawl/Downloads/joe_cart/src/ldlidar_stl_ros2/ldlidar_driver/include/dataprocess;/home/zawl/Downloads/joe_cart/src/ldlidar_stl_ros2/ldlidar_driver/include/filter;/home/zawl/Downloads/joe_cart/src/ldlidar_stl_ros2/ldlidar_driver/include/logger;/home/zawl/Downloads/joe_cart/src/ldlidar_stl_ros2/ldlidar_driver/include/networkcom;/home/zawl/Downloads/joe_cart/src/ldlidar_stl_ros2/ldlidar_driver/include/serialcom
-- Configured cppcheck exclude dirs and/or files: 
-- Added test 'cpplint' to check C / C++ code against the Google style
-- Configured cpplint exclude dirs and/or files: 
-- Added test 'flake8' to check Python code syntax and style conventions
-- Configured 'flake8' exclude dirs and/or files: 
-- Added test 'lint_cmake' to check CMake code style
-- Added test 'pep257' to check Python code against some of the docstring style conventions in PEP 257
-- Added test 'uncrustify' to check C / C++ code style
-- Configured uncrustify additional arguments: 
-- Added test 'xmllint' to check XML markup files
-- Configuring done (0.5s)
-- Generating done (0.0s)
-- Build files have been written to: /home/zawl/Downloads/joe_cart/build/ldlidar_stl_ros2
[ 12%] [32mBuilding CXX object CMakeFiles/ldlidar_stl_ros2_node.dir/ldlidar_driver/src/logger/log_module.cpp.o[0m
[ 25%] [32m[1mLinking CXX executable ldlidar_stl_ros2_node[0m
[100%] Built target ldlidar_stl_ros2_node
-- Install configuration: ""
-- Installing: /home/zawl/Downloads/joe_cart/install/ldlidar_stl_ros2/lib/ldlidar_stl_ros2/ldlidar_stl_ros2_node
-- Set non-toolchain portion of runtime path of "/home/zawl/Downloads/joe_cart/install/ldlidar_stl_ros2/lib/ldlidar_stl_ros2/ldlidar_stl_ros2_node" to ""
-- Installing: /home/zawl/Downloads/joe_cart/install/ldlidar_stl_ros2/share/ldlidar_stl_ros2//launch
-- Installing: /home/zawl/Downloads/joe_cart/install/ldlidar_stl_ros2/share/ldlidar_stl_ros2//launch/ld06.launch.py
-- Installing: /home/zawl/Downloads/joe_cart/install/ldlidar_stl_ros2/share/ldlidar_stl_ros2//launch/viewer_ld06.launch.py
-- Installing: /home/zawl/Downloads/joe_cart/install/ldlidar_stl_ros2/share/ldlidar_stl_ros2//launch/stl27l.launch.py
-- Installing: /home/zawl/Downloads/joe_cart/install/ldlidar_stl_ros2/share/ldlidar_stl_ros2//launch/ld19.launch.py
-- Installing: /home/zawl/Downloads/joe_cart/install/ldlidar_stl_ros2/share/ldlidar_stl_ros2//launch/viewer_ld19.launch.py
-- Installing: /home/zawl/Downloads/joe_cart/install/ldlidar_stl_ros2/share/ldlidar_stl_ros2//launch/viewer_stl27l.launch.py
-- Installing: /home/zawl/Downloads/joe_cart/install/ldlidar_stl_ros2/share/ldlidar_stl_ros2//rviz2
-- Installing: /home/zawl/Downloads/joe_cart/install/ldlidar_stl_ros2/share/ldlidar_stl_ros2//rviz2/ldlidar.rviz
-- Installing: /home/zawl/Downloads/joe_cart/install/ldlidar_stl_ros2/share/ament_index/resource_index/package_run_dependencies/ldlidar_stl_ros2
-- Installing: /home/zawl/Downloads/joe_cart/install/ldlidar_stl_ros2/share/ament_index/resource_index/parent_prefix_path/ldlidar_stl_ros2
-- Installing: /home/zawl/Downloads/joe_cart/install/ldlidar_stl_ros2/share/ldlidar_stl_ros2/environment/ament_prefix_path.sh
-- Installing: /home/zawl/Downloads/joe_cart/install/ldlidar_stl_ros2/share/ldlidar_stl_ros2/environment/ament_prefix_path.dsv
-- Installing: /home/zawl/Downloads/joe_cart/install/ldlidar_stl_ros2/share/ldlidar_stl_ros2/environment/path.sh
-- Installing: /home/zawl/Downloads/joe_cart/install/ldlidar_stl_ros2/share/ldlidar_stl_ros2/environment/path.dsv
-- Installing: /home/zawl/Downloads/joe_cart/install/ldlidar_stl_ros2/share/ldlidar_stl_ros2/local_setup.bash
-- Installing: /home/zawl/Downloads/joe_cart/install/ldlidar_stl_ros2/share/ldlidar_stl_ros2/local_setup.sh
-- Installing: /home/zawl/Downloads/joe_cart/install/ldlidar_stl_ros2/share/ldlidar_stl_ros2/local_setup.zsh
-- Installing: /home/zawl/Downloads/joe_cart/install/ldlidar_stl_ros2/share/ldlidar_stl_ros2/local_setup.dsv
-- Installing: /home/zawl/Downloads/joe_cart/install/ldlidar_stl_ros2/share/ldlidar_stl_ros2/package.dsv
-- Installing: /home/zawl/Downloads/joe_cart/install/ldlidar_stl_ros2/share/ament_index/resource_index/packages/ldlidar_stl_ros2
-- Installing: /home/zawl/Downloads/joe_cart/install/ldlidar_stl_ros2/share/ldlidar_stl_ros2/cmake/ldlidar_stl_ros2Config.cmake
-- Installing: /home/zawl/Downloads/joe_cart/install/ldlidar_stl_ros2/share/ldlidar_stl_ros2/cmake/ldlidar_stl_ros2Config-version.cmake
-- Installing: /home/zawl/Downloads/joe_cart/install/ldlidar_stl_ros2/share/ldlidar_stl_ros2/package.xml
