[0.007s] Invoking command in '/home/zawl/Downloads/joe_cart/build/ldlidar_stl_ros2': CMAKE_PREFIX_PATH=${CMAKE_PREFIX_PATH}:/opt/ros/jazzy DEBUGINFOD_URLS=https://debuginfod.ubuntu.com /usr/bin/cmake --build /home/zawl/Downloads/joe_cart/build/ldlidar_stl_ros2 -- -j8 -l8
[0.025s] -- Found ament_cmake: 2.5.3 (/opt/ros/jazzy/share/ament_cmake/cmake)
[0.171s] -- Found rclcpp: 28.1.6 (/opt/ros/jazzy/share/rclcpp/cmake)
[0.191s] -- Found rosidl_generator_c: 4.6.5 (/opt/ros/jazzy/share/rosidl_generator_c/cmake)
[0.196s] -- Found rosidl_generator_cpp: 4.6.5 (/opt/ros/jazzy/share/rosidl_generator_cpp/cmake)
[0.204s] -- Using all available rosidl_typesupport_c: rosidl_typesupport_fastrtps_c;rosidl_typesupport_introspection_c
[0.213s] -- Using all available rosidl_typesupport_cpp: rosidl_typesupport_fastrtps_cpp;rosidl_typesupport_introspection_cpp
[0.255s] -- Found rmw_implementation_cmake: 7.3.1 (/opt/ros/jazzy/share/rmw_implementation_cmake/cmake)
[0.256s] -- Found rmw_fastrtps_cpp: 8.4.1 (/opt/ros/jazzy/share/rmw_fastrtps_cpp/cmake)
[0.300s] -- Using RMW implementation 'rmw_fastrtps_cpp' as default
[0.345s] -- Found sensor_msgs: 5.3.5 (/opt/ros/jazzy/share/sensor_msgs/cmake)
[0.382s] -- Found ament_lint_auto: 0.17.1 (/opt/ros/jazzy/share/ament_lint_auto/cmake)
[0.446s] -- Performing Test CMAKE_HAVE_LIBC_PTHREAD
[0.510s] -- Performing Test CMAKE_HAVE_LIBC_PTHREAD - Success
[0.511s] -- Found Threads: TRUE  
[0.512s] -- Added test 'copyright' to check source files copyright and LICENSE
[0.514s] -- Added test 'cppcheck' to perform static code analysis on C / C++ code
[0.514s] -- Configured cppcheck include dirs: /home/zawl/Downloads/joe_cart/src/ldlidar_stl_ros2/include;/home/zawl/Downloads/joe_cart/src/ldlidar_stl_ros2/ldlidar_driver/include/core;/home/zawl/Downloads/joe_cart/src/ldlidar_stl_ros2/ldlidar_driver/include/dataprocess;/home/zawl/Downloads/joe_cart/src/ldlidar_stl_ros2/ldlidar_driver/include/filter;/home/zawl/Downloads/joe_cart/src/ldlidar_stl_ros2/ldlidar_driver/include/logger;/home/zawl/Downloads/joe_cart/src/ldlidar_stl_ros2/ldlidar_driver/include/networkcom;/home/zawl/Downloads/joe_cart/src/ldlidar_stl_ros2/ldlidar_driver/include/serialcom
[0.514s] -- Configured cppcheck exclude dirs and/or files: 
[0.515s] -- Added test 'cpplint' to check C / C++ code against the Google style
[0.515s] -- Configured cpplint exclude dirs and/or files: 
[0.516s] -- Added test 'flake8' to check Python code syntax and style conventions
[0.516s] -- Configured 'flake8' exclude dirs and/or files: 
[0.516s] -- Added test 'lint_cmake' to check CMake code style
[0.517s] -- Added test 'pep257' to check Python code against some of the docstring style conventions in PEP 257
[0.518s] -- Added test 'uncrustify' to check C / C++ code style
[0.518s] -- Configured uncrustify additional arguments: 
[0.518s] -- Added test 'xmllint' to check XML markup files
[0.519s] -- Configuring done (0.5s)
[0.527s] -- Generating done (0.0s)
[0.529s] -- Build files have been written to: /home/zawl/Downloads/joe_cart/build/ldlidar_stl_ros2
[0.567s] [ 12%] [32mBuilding CXX object CMakeFiles/ldlidar_stl_ros2_node.dir/ldlidar_driver/src/logger/log_module.cpp.o[0m
[0.763s] [ 25%] [32m[1mLinking CXX executable ldlidar_stl_ros2_node[0m
[1.015s] [100%] Built target ldlidar_stl_ros2_node
[1.023s] Invoked command in '/home/zawl/Downloads/joe_cart/build/ldlidar_stl_ros2' returned '0': CMAKE_PREFIX_PATH=${CMAKE_PREFIX_PATH}:/opt/ros/jazzy DEBUGINFOD_URLS=https://debuginfod.ubuntu.com /usr/bin/cmake --build /home/zawl/Downloads/joe_cart/build/ldlidar_stl_ros2 -- -j8 -l8
[1.030s] Invoking command in '/home/zawl/Downloads/joe_cart/build/ldlidar_stl_ros2': CMAKE_PREFIX_PATH=${CMAKE_PREFIX_PATH}:/opt/ros/jazzy DEBUGINFOD_URLS=https://debuginfod.ubuntu.com /usr/bin/cmake --install /home/zawl/Downloads/joe_cart/build/ldlidar_stl_ros2
[1.036s] -- Install configuration: ""
[1.036s] -- Installing: /home/zawl/Downloads/joe_cart/install/ldlidar_stl_ros2/lib/ldlidar_stl_ros2/ldlidar_stl_ros2_node
[1.037s] -- Set non-toolchain portion of runtime path of "/home/zawl/Downloads/joe_cart/install/ldlidar_stl_ros2/lib/ldlidar_stl_ros2/ldlidar_stl_ros2_node" to ""
[1.037s] -- Installing: /home/zawl/Downloads/joe_cart/install/ldlidar_stl_ros2/share/ldlidar_stl_ros2//launch
[1.037s] -- Installing: /home/zawl/Downloads/joe_cart/install/ldlidar_stl_ros2/share/ldlidar_stl_ros2//launch/ld06.launch.py
[1.037s] -- Installing: /home/zawl/Downloads/joe_cart/install/ldlidar_stl_ros2/share/ldlidar_stl_ros2//launch/viewer_ld06.launch.py
[1.038s] -- Installing: /home/zawl/Downloads/joe_cart/install/ldlidar_stl_ros2/share/ldlidar_stl_ros2//launch/stl27l.launch.py
[1.038s] -- Installing: /home/zawl/Downloads/joe_cart/install/ldlidar_stl_ros2/share/ldlidar_stl_ros2//launch/ld19.launch.py
[1.038s] -- Installing: /home/zawl/Downloads/joe_cart/install/ldlidar_stl_ros2/share/ldlidar_stl_ros2//launch/viewer_ld19.launch.py
[1.038s] -- Installing: /home/zawl/Downloads/joe_cart/install/ldlidar_stl_ros2/share/ldlidar_stl_ros2//launch/viewer_stl27l.launch.py
[1.038s] -- Installing: /home/zawl/Downloads/joe_cart/install/ldlidar_stl_ros2/share/ldlidar_stl_ros2//rviz2
[1.038s] -- Installing: /home/zawl/Downloads/joe_cart/install/ldlidar_stl_ros2/share/ldlidar_stl_ros2//rviz2/ldlidar.rviz
[1.038s] -- Installing: /home/zawl/Downloads/joe_cart/install/ldlidar_stl_ros2/share/ament_index/resource_index/package_run_dependencies/ldlidar_stl_ros2
[1.038s] -- Installing: /home/zawl/Downloads/joe_cart/install/ldlidar_stl_ros2/share/ament_index/resource_index/parent_prefix_path/ldlidar_stl_ros2
[1.038s] -- Installing: /home/zawl/Downloads/joe_cart/install/ldlidar_stl_ros2/share/ldlidar_stl_ros2/environment/ament_prefix_path.sh
[1.038s] -- Installing: /home/zawl/Downloads/joe_cart/install/ldlidar_stl_ros2/share/ldlidar_stl_ros2/environment/ament_prefix_path.dsv
[1.038s] -- Installing: /home/zawl/Downloads/joe_cart/install/ldlidar_stl_ros2/share/ldlidar_stl_ros2/environment/path.sh
[1.038s] -- Installing: /home/zawl/Downloads/joe_cart/install/ldlidar_stl_ros2/share/ldlidar_stl_ros2/environment/path.dsv
[1.039s] -- Installing: /home/zawl/Downloads/joe_cart/install/ldlidar_stl_ros2/share/ldlidar_stl_ros2/local_setup.bash
[1.039s] -- Installing: /home/zawl/Downloads/joe_cart/install/ldlidar_stl_ros2/share/ldlidar_stl_ros2/local_setup.sh
[1.039s] -- Installing: /home/zawl/Downloads/joe_cart/install/ldlidar_stl_ros2/share/ldlidar_stl_ros2/local_setup.zsh
[1.039s] -- Installing: /home/zawl/Downloads/joe_cart/install/ldlidar_stl_ros2/share/ldlidar_stl_ros2/local_setup.dsv
[1.039s] -- Installing: /home/zawl/Downloads/joe_cart/install/ldlidar_stl_ros2/share/ldlidar_stl_ros2/package.dsv
[1.039s] -- Installing: /home/zawl/Downloads/joe_cart/install/ldlidar_stl_ros2/share/ament_index/resource_index/packages/ldlidar_stl_ros2
[1.039s] -- Installing: /home/zawl/Downloads/joe_cart/install/ldlidar_stl_ros2/share/ldlidar_stl_ros2/cmake/ldlidar_stl_ros2Config.cmake
[1.039s] -- Installing: /home/zawl/Downloads/joe_cart/install/ldlidar_stl_ros2/share/ldlidar_stl_ros2/cmake/ldlidar_stl_ros2Config-version.cmake
[1.039s] -- Installing: /home/zawl/Downloads/joe_cart/install/ldlidar_stl_ros2/share/ldlidar_stl_ros2/package.xml
[1.040s] Invoked command in '/home/zawl/Downloads/joe_cart/build/ldlidar_stl_ros2' returned '0': CMAKE_PREFIX_PATH=${CMAKE_PREFIX_PATH}:/opt/ros/jazzy DEBUGINFOD_URLS=https://debuginfod.ubuntu.com /usr/bin/cmake --install /home/zawl/Downloads/joe_cart/build/ldlidar_stl_ros2
